AndroidUnitySample_3/Unity/androidBuild/unityLibrary/build/intermediates/manifest_merge_blame_file/debug/manifest-merger-blame-debug-report.txt
1<?xml version="1.0" encoding="utf-8"?>
2<!-- GENERATED BY UNITY. REMOVE THIS COMMENT TO PREVENT OVERWRITING WHEN EXPORTING AGAIN -->
3<manifest xmlns:android="http://schemas.android.com/apk/res/android"
4    xmlns:tools="http://schemas.android.com/tools"
5    package="com.unity3d.player" >
6
7    <uses-sdk
8        android:minSdkVersion="19"
8-->src\main\AndroidManifest.xml
9        android:targetSdkVersion="29" />
9-->src\main\AndroidManifest.xml
10
11    <uses-feature android:glEsVersion="0x00030000" />
11-->src\main\AndroidManifest.xml:18:3-52
11-->src\main\AndroidManifest.xml:18:17-49
12    <uses-feature
12-->src\main\AndroidManifest.xml:19:3-91
13        android:name="android.hardware.vulkan.version"
13-->src\main\AndroidManifest.xml:19:17-63
14        android:required="false" />
14-->src\main\AndroidManifest.xml:19:64-88
15    <uses-feature
15-->src\main\AndroidManifest.xml:20:3-88
16        android:name="android.hardware.touchscreen"
16-->src\main\AndroidManifest.xml:20:17-60
17        android:required="false" />
17-->src\main\AndroidManifest.xml:20:61-85
18    <uses-feature
18-->src\main\AndroidManifest.xml:21:3-99
19        android:name="android.hardware.touchscreen.multitouch"
19-->src\main\AndroidManifest.xml:21:17-71
20        android:required="false" />
20-->src\main\AndroidManifest.xml:21:72-96
21    <uses-feature
21-->src\main\AndroidManifest.xml:22:3-108
22        android:name="android.hardware.touchscreen.multitouch.distinct"
22-->src\main\AndroidManifest.xml:22:17-80
23        android:required="false" />
23-->src\main\AndroidManifest.xml:22:81-105
24
25    <application>
25-->src\main\AndroidManifest.xml:4:3-17:17
26        <activity
26-->src\main\AndroidManifest.xml:5:5-12:16
27            android:name="com.unity3d.player.UnityPlayerActivity"
27-->src\main\AndroidManifest.xml:5:15-68
28            android:configChanges="mcc|mnc|locale|touchscreen|keyboard|keyboardHidden|navigation|orientation|screenLayout|uiMode|screenSize|smallestScreenSize|fontScale|layoutDirection|density"
28-->src\main\AndroidManifest.xml:5:182-363
29            android:hardwareAccelerated="false"
29-->src\main\AndroidManifest.xml:5:364-399
30            android:launchMode="singleTask"
30-->src\main\AndroidManifest.xml:5:150-181
31            android:screenOrientation="fullSensor"
31-->src\main\AndroidManifest.xml:5:111-149
32            android:theme="@style/UnityThemeSelector" >
32-->src\main\AndroidManifest.xml:5:69-110
33            <intent-filter>
33-->src\main\AndroidManifest.xml:6:7-9:23
34                <action android:name="android.intent.action.MAIN" />
34-->src\main\AndroidManifest.xml:7:9-61
34-->src\main\AndroidManifest.xml:7:17-58
35
36                <category android:name="android.intent.category.LAUNCHER" />
36-->src\main\AndroidManifest.xml:8:9-69
36-->src\main\AndroidManifest.xml:8:19-66
37            </intent-filter>
38
39            <meta-data
39-->src\main\AndroidManifest.xml:10:7-82
40                android:name="unityplayer.UnityActivity"
40-->src\main\AndroidManifest.xml:10:18-58
41                android:value="true" />
41-->src\main\AndroidManifest.xml:10:59-79
42            <meta-data
42-->src\main\AndroidManifest.xml:11:7-78
43                android:name="android.notch_support"
43-->src\main\AndroidManifest.xml:11:18-54
44                android:value="true" />
44-->src\main\AndroidManifest.xml:11:55-75
45        </activity>
46
47        <meta-data
47-->src\main\AndroidManifest.xml:13:5-69
48            android:name="unity.splash-mode"
48-->src\main\AndroidManifest.xml:13:16-48
49            android:value="0" />
49-->src\main\AndroidManifest.xml:13:49-66
50        <meta-data
50-->src\main\AndroidManifest.xml:14:5-74
51            android:name="unity.splash-enable"
51-->src\main\AndroidManifest.xml:14:16-50
52            android:value="True" />
52-->src\main\AndroidManifest.xml:14:51-71
53        <meta-data
53-->src\main\AndroidManifest.xml:15:5-81
54            android:name="notch.config"
54-->src\main\AndroidManifest.xml:15:16-43
55            android:value="portrait|landscape" />
55-->src\main\AndroidManifest.xml:15:44-78
56        <meta-data
56-->src\main\AndroidManifest.xml:16:5-101
57            android:name="unity.build-id"
57-->src\main\AndroidManifest.xml:16:16-45
58            android:value="c32e462d-155b-492b-b9a4-a21b98cb51d2" />
58-->src\main\AndroidManifest.xml:16:46-98
59    </application>
60
61</manifest>